  Test          | Before          | After            | Change (%)      |
  blkchair      |        0.270000 |         0.240000 |       88.888889 | 
  bluchair      |        0.270000 |         0.230000 |       85.185185 | 
  book          |        0.260000 |         0.230000 |       88.461538 | 
  bookbox       |        0.230000 |         0.220000 |       95.652174 | 
  butterfly     |        0.470000 |         0.490000 |      104.255319 | 
  cabin         |        0.570000 |         0.580000 |      101.754386 | 
  chair1        |        0.330000 |         0.260000 |       78.787879 | 
  chair2        |        0.380000 |         0.350000 |       92.105263 | 
  coatrack      |        0.190000 |         0.180000 |       94.736842 | 
  conftabl      |        0.290000 |         0.250000 |       86.206897 | 
  coord         |        0.250000 |         0.230000 |       92.000000 | 
  corndesk      |        0.310000 |         0.260000 |       83.870968 | 
  curtain       |        0.330000 |         0.310000 |       93.939394 | 
  dafvase       |        0.570000 |         0.490000 |       85.964912 | 
  desk          |        0.310000 |         0.260000 |       83.870968 | 
  desklamp      |        0.400000 |         0.270000 |       67.500000 | 
  doorclsr      |        0.230000 |         0.220000 |       95.652174 | 
  dresser       |        0.340000 |         0.290000 |       85.294118 | 
  exitsign      |        0.340000 |         0.200000 |       58.823529 | 
  exting        |        0.340000 |         0.350000 |      102.941176 | 
  medcab        |        0.230000 |         0.190000 |       82.608696 | 
  mug           |        0.280000 |         0.290000 |      103.571429 | 
  office        |        0.740000 |         0.720000 |       97.297297 | 
  openbook      |        0.310000 |         0.290000 |       93.548387 | 
  orgchair      |        0.270000 |         0.240000 |       88.888889 | 
  pencil        |        0.190000 |         0.170000 |       89.473684 | 
  podium        |        0.230000 |         0.180000 |       78.260870 | 
  redchair      |        0.240000 |         0.240000 |      100.000000 | 
  soda          |        0.970000 |         0.920000 |       94.845361 | 
  speaker       |        0.190000 |         0.210000 |      110.526316 | 
  terminal      |        0.450000 |         0.420000 |       93.333333 | 
  toilet        |        0.200000 |         0.300000 |      150.000000 | 
  vanity        |        0.310000 |         0.320000 |      103.225806 | 
  vent          |        0.330000 |         0.300000 |       90.909091 | 
  whale2        |        0.370000 |         0.350000 |       94.594595 | 
  wstbskt       |        0.200000 |         0.220000 |      110.000000 | 
  balls_3       |        1.380000 |         1.270000 |       92.028986 | 
  balls_4       |        1.870000 |         1.870000 |      100.000000 | 
  balls_5       |        4.080000 |         3.040000 |       74.509804 | 
  balls_6       |       20.410000 |        12.960000 |       63.498285 | 
  balls_7       |      184.510000 |        88.340000 |       47.878164 | 
  gears_1       |        3.010000 |         2.730000 |       90.697674 | 
  gears_2       |        3.460000 |         3.330000 |       96.242775 | 
  gears_5       |       14.460000 |         5.570000 |       38.520055 | 
  jacks_3       |        0.280000 |         0.250000 |       89.285714 | 
  jacks_4       |        0.790000 |         0.750000 |       94.936709 | 
  jacks_5       |        2.350000 |         2.150000 |       91.489362 | 
  jacks_6       |       11.930000 |         8.270000 |       69.321039 | 
  jacks_7       |       96.290000 |        50.040000 |       51.968013 | 
  lattice_5     |        3.010000 |         2.890000 |       96.013289 | 
  lattice_12    |        5.310000 |         4.740000 |       89.265537 | 
  lattice_28    |       35.260000 |         8.430000 |       23.908111 | 
  mount_4       |        0.730000 |         0.710000 |       97.260274 | 
  mount_6       |        1.160000 |         1.030000 |       88.793103 | 
  mount_7       |        2.330000 |         1.880000 |       80.686695 | 
  mount_9       |       40.640000 |        12.080000 |       29.724409 | 
  nurbtst_1     |        0.180000 |         0.170000 |       94.444444 | 
  rings_3       |        2.740000 |         2.600000 |       94.890511 | 
  rings_7       |        4.570000 |         4.920000 |      107.658643 | 
  rings_16      |        9.440000 |         8.910000 |       94.385593 | 
  rings_36      |      218.480000 |        35.810000 |       16.390516 | 
  sample_1      |        1.110000 |         1.090000 |       98.198198 | 
  shells_2      |        0.900000 |         0.850000 |       94.444444 | 
  shells_5      |        5.990000 |         7.440000 |      124.207012 | 
  shells_9      |      399.080000 |        95.900000 |       24.030270 | 
  sombrero_1    |        0.350000 |         0.350000 |      100.000000 | 
  sombrero_2    |        0.500000 |         0.420000 |       84.000000 | 
  sombrero_3    |        1.400000 |         1.340000 |       95.714286 | 
  sombrero_5    |       68.020000 |         9.630000 |       14.157601 | 
  teapot_3      |        0.890000 |         0.840000 |       94.382022 | 
  teapot_12     |        1.740000 |         1.440000 |       82.758621 | 
  teapot_38     |        5.900000 |         3.900000 |       66.101695 | 
  teapot_123    |       94.270000 |        23.250000 |       24.663201 | 
  teapot_389    |     3022.030000 |       177.970000 |        5.889088 | 
  tetra_4       |        0.300000 |         0.320000 |      106.666667 | 
  tetra_6       |        0.420000 |         0.410000 |       97.619048 | 
  tetra_8       |        3.450000 |         1.650000 |       47.826087 | 
  tetra_9       |       20.530000 |         4.270000 |       20.798831 | 
  tetra_11      |     1075.680000 |        72.340000 |        6.725048 | 
  tree_7        |        1.320000 |         1.800000 |      136.363636 | 
  tree_11       |        1.840000 |         2.180000 |      118.478261 | 
  tree_14       |        4.000000 |         3.370000 |       84.250000 | 
  tree_17       |       18.930000 |        12.110000 |       63.972530 | 
  tree_21       |      325.120000 |       143.240000 |       44.057579 | 
