Tests run at: Wed Jul 22 09:45:18 2009 on host: whale.astri.org

Test               | nsp       | ntp       | ng        | ne        | nee       | ner       | nea     | d         | nr        | ritm      | nts     | nets    | neets   |  Maximum  |  Minimum  |  Average  | CPU         | Primtives
                   |           |           |           |           |           |           |         |           |           |           |         |         |         |  Run Time |  Run Time |  Run Time | Utilisation | Per Second
blkchair           |       653 |      2492 |      2492 |      2492 |       107 |        56 |    7.08 |        23 |    328219 |     39.21 |   16.69 |    4.37 |    3.68 |      0.90 |      0.26 |      0.31 |    61.07% |   2138.65 |      0.76 |      0.13 |      0.26 |    85.07% |   2537.56 |
bluchair           |       120 |       460 |       460 |       460 |        40 |        15 |    3.68 |        17 |    316649 |     29.17 |    9.79 |    3.32 |    2.61 |      0.24 |      0.22 |      0.23 |    58.87% |    521.74 |      0.44 |      0.12 |      0.24 |    69.47% |    508.47 |
book               |        43 |       197 |       197 |       197 |        26 |         6 |    2.32 |        15 |    327576 |     19.17 |   12.75 |    3.88 |    3.36 |      0.23 |      0.22 |      0.22 |    57.67% |    193.69 |      0.14 |      0.12 |      0.13 |   101.53% |    337.70 |
bookbox            |        45 |       178 |       178 |       178 |        14 |        10 |    3.36 |        14 |    325882 |     11.54 |    9.30 |    2.87 |    2.49 |      0.23 |      0.22 |      0.22 |    57.73% |    203.31 |      0.75 |      0.13 |      0.17 |    88.80% |    261.63 |
butterfly          |       320 |      1055 |      1055 |      1055 |       198 |        12 |    2.09 |        21 |    591363 |      3.73 |   21.91 |    5.87 |    4.91 |      0.51 |      0.49 |      0.50 |    80.73% |    640.00 |      0.17 |      0.16 |      0.16 |   237.87% |   1959.18 |
cabin              |      4766 |     31294 |     31294 |     31294 |      1227 |        32 |    4.84 |        27 |    420200 |     20.72 |   29.79 |    6.69 |    5.18 |      0.57 |      0.55 |      0.56 |    82.60% |   8541.22 |      0.24 |      0.19 |      0.21 |   223.13% |  23135.92 |
chair1             |       653 |      5633 |      5633 |      5633 |       423 |        24 |    3.59 |        23 |    324928 |     33.12 |   23.28 |    6.25 |    5.96 |      0.96 |      0.28 |      0.34 |    61.87% |   1916.83 |      0.46 |      0.26 |      0.31 |    63.27% |   2124.73 |
chair2             |      1429 |      9605 |      9605 |      9605 |       806 |        31 |    3.26 |        27 |    341232 |     13.28 |   23.80 |    5.87 |    5.55 |      0.32 |      0.30 |      0.31 |    68.93% |   4609.68 |      1.60 |      0.21 |      1.11 |    26.53% |   1288.94 |
coatrack           |       107 |       160 |       160 |       160 |        29 |        11 |    2.11 |        15 |    312486 |     26.01 |    7.89 |    2.80 |    2.67 |      0.28 |      0.18 |      0.19 |    49.07% |    565.14 |      2.68 |      0.12 |      1.03 |    21.67% |    103.68 |
conftabl           |       179 |       674 |       674 |       674 |        65 |        17 |    3.57 |        18 |    332451 |     20.31 |   12.79 |    3.72 |    3.07 |      0.27 |      0.26 |      0.26 |    63.20% |    686.70 |      1.47 |      0.13 |      0.26 |    89.27% |    679.75 |
coord              |         8 |        17 |        17 |        17 |        11 |         4 |    0.77 |        11 |    314635 |     22.73 |   10.12 |    3.48 |    2.88 |      0.44 |      0.23 |      0.26 |    56.00% |     30.77 |      0.24 |      0.13 |      0.14 |    99.73% |     55.56 |
corndesk           |       151 |       895 |       895 |       895 |        28 |        19 |    3.76 |        19 |    360481 |     10.75 |   14.70 |    3.64 |    2.70 |      0.40 |      0.29 |      0.31 |    66.20% |    485.01 |      1.07 |      0.13 |      0.26 |   118.27% |    589.84 |
curtain            |       801 |       843 |       843 |       843 |      1011 |         4 |    0.61 |        22 |    348897 |      6.22 |   22.82 |    5.90 |    5.39 |      0.31 |      0.31 |      0.31 |    70.07% |   2583.87 |      0.16 |      0.14 |      0.15 |   140.87% |   5486.30 |
dafvase            |       113 |       720 |       720 |       720 |       137 |        31 |    1.64 |        21 |    342303 |     33.07 |   22.42 |    6.21 |    3.93 |      0.66 |      0.56 |      0.57 |    82.07% |    198.94 |      0.21 |      0.17 |      0.18 |   246.67% |    611.91 |
desk               |       151 |       895 |       895 |       895 |        28 |        19 |    3.76 |        19 |    360481 |     10.75 |   14.70 |    3.64 |    2.70 |      0.40 |      0.29 |      0.31 |    66.20% |    485.01 |      0.48 |      0.13 |      0.16 |    79.47% |    928.28 |
desklamp           |        19 |        65 |        65 |        65 |        31 |         7 |    7.00 |        17 |    323173 |     32.73 |   12.27 |    3.87 |    2.56 |      0.49 |      0.28 |      0.30 |    63.27% |     64.33 |      1.28 |      0.13 |      0.22 |   117.40% |     86.63 |
doorclsr           |       116 |       223 |       223 |       223 |        21 |        22 |    4.46 |        15 |    335684 |     22.11 |    9.56 |    3.21 |    2.94 |      1.35 |      0.22 |      0.30 |    54.47% |    391.89 |      0.14 |      0.12 |      0.13 |    94.47% |    896.91 |
dresser            |       307 |       981 |       981 |       981 |        97 |        17 |    3.45 |        21 |    344979 |     26.59 |   18.75 |    5.09 |    3.79 |      0.30 |      0.29 |      0.29 |    67.67% |   1053.78 |      0.16 |      0.13 |      0.14 |   133.67% |   2151.87 |
exitsign           |       205 |       431 |       431 |       431 |        11 |        24 |    8.62 |        14 |    318758 |     22.65 |    9.02 |    3.04 |    2.90 |      0.21 |      0.20 |      0.20 |    53.60% |   1018.21 |      0.14 |      0.12 |      0.13 |    79.93% |   1585.05 |
exting             |        69 |       109 |       109 |       109 |        20 |        12 |    2.06 |        15 |    323281 |     26.18 |   10.67 |    3.63 |    2.99 |      0.22 |      0.21 |      0.21 |    54.47% |    325.47 |      0.16 |      0.12 |      0.13 |    81.60% |    517.50 |
medcab             |       123 |       368 |       368 |       368 |        10 |        24 |    6.34 |        14 |    328621 |     11.47 |    8.51 |    3.12 |    2.98 |      0.20 |      0.19 |      0.20 |    52.13% |    617.06 |      0.14 |      0.12 |      0.13 |    76.20% |    946.15 |
mug                |        26 |        82 |        82 |        82 |        45 |         5 |    1.04 |        15 |    353675 |     14.84 |   12.28 |    3.82 |    3.33 |      0.65 |      0.26 |      0.29 |    61.33% |     88.84 |      0.15 |      0.13 |      0.14 |   119.80% |    185.71 |
office             |      1001 |      5588 |      5588 |      5588 |       271 |        48 |    4.71 |        21 |    632633 |      7.36 |   20.62 |    3.41 |    1.99 |      0.59 |      0.58 |      0.58 |    83.00% |   1719.93 |      0.20 |      0.18 |      0.19 |   250.73% |   5343.42 |
openbook           |       349 |      2572 |      2572 |      2572 |       226 |        11 |    2.93 |        22 |    363398 |     10.53 |   21.72 |    5.95 |    4.90 |      0.31 |      0.30 |      0.30 |    68.80% |   1155.63 |      0.15 |      0.13 |      0.14 |   145.13% |   2481.04 |
orgchair           |       179 |       419 |       419 |       419 |        43 |        14 |    3.17 |        17 |    318266 |     12.03 |    8.31 |    2.81 |    2.67 |      0.19 |      0.19 |      0.19 |    50.53% |    942.11 |      0.15 |      0.12 |      0.13 |    69.40% |   1342.50 |
pencil             |        39 |        69 |        69 |        69 |        14 |         6 |    1.73 |        14 |    310598 |      7.24 |    6.27 |    2.27 |    2.25 |      0.18 |      0.16 |      0.17 |    45.47% |    228.52 |      0.13 |      0.11 |      0.12 |    62.67% |    330.51 |
podium             |       133 |       471 |       471 |       471 |        23 |        14 |    4.66 |        17 |    330513 |      5.04 |    8.96 |    2.89 |    2.67 |      0.55 |      0.20 |      0.23 |    50.60% |    571.63 |      0.14 |      0.12 |      0.13 |    83.00% |   1055.56 |
redchair           |      1429 |      4191 |      4191 |      4191 |       139 |        40 |    9.21 |        25 |    319766 |     31.78 |   13.65 |    4.03 |    3.47 |      0.25 |      0.23 |      0.24 |    60.80% |   5954.17 |      0.15 |      0.13 |      0.13 |   105.53% |  10717.50 |
soda               |      2057 |     10042 |     10042 |     10042 |       706 |        22 |    3.60 |        21 |    639304 |      8.21 |   32.65 |    5.95 |    3.51 |      0.94 |      0.85 |      0.87 |    87.40% |   2368.00 |      0.23 |      0.21 |      0.22 |   326.80% |   9350.00 |
speaker            |        51 |       113 |       113 |       113 |         8 |        14 |    5.14 |        12 |    312412 |      7.87 |    6.45 |    2.38 |    2.34 |      0.18 |      0.17 |      0.17 |    46.20% |    295.37 |      0.28 |      0.12 |      0.13 |    61.47% |    386.36 |
terminal           |      1179 |      3978 |      3978 |      3978 |        50 |        43 |   10.84 |        22 |    354754 |     58.33 |   23.60 |    5.94 |    4.43 |      0.67 |      0.42 |      0.44 |    75.67% |   2667.42 |      0.17 |      0.15 |      0.16 |   205.60% |   7338.17 |
toilet             |       489 |      1504 |      1504 |      1504 |        86 |        19 |    4.49 |        23 |    319962 |     27.30 |   16.58 |    4.58 |    4.00 |      0.44 |      0.24 |      0.25 |    59.20% |   1920.16 |      0.36 |      0.12 |      0.15 |   103.20% |   3334.09 |
vanity             |       485 |      1974 |      1974 |      1974 |       114 |        29 |    4.48 |        24 |    352442 |     18.83 |   20.18 |    5.29 |    4.24 |      0.32 |      0.30 |      0.31 |    69.33% |   1564.52 |      0.15 |      0.13 |      0.14 |   146.67% |   3464.29 |
vent               |       933 |      2038 |      2038 |      2038 |       421 |         7 |    1.76 |        21 |    383589 |      6.01 |   18.61 |    4.97 |    4.30 |      0.31 |      0.30 |      0.30 |    69.00% |   3075.82 |      0.15 |      0.14 |      0.14 |   146.07% |   6539.72 |
whale2             |      2287 |     21230 |     21230 |     21230 |      2422 |        33 |    2.46 |        26 |    329274 |     25.83 |   26.63 |    7.33 |    6.45 |      0.40 |      0.38 |      0.39 |    75.07% |   5864.10 |      0.17 |      0.16 |      0.16 |   169.47% |  14002.04 |
wstbskt            |       599 |      1336 |      1336 |      1336 |        44 |        43 |    8.20 |        21 |    313784 |     30.42 |   15.18 |    4.48 |    4.24 |      0.29 |      0.22 |      0.23 |    56.20% |   2642.65 |      0.16 |      0.13 |      0.14 |    89.73% |   4382.93 |
balls_3            |       825 |      2216 |      2216 |      2216 |       354 |         6 |    1.70 |        20 |   1461994 |     10.64 |   26.15 |    5.48 |    2.94 |      1.41 |      1.38 |      1.39 |    93.87% |    591.82 |      0.35 |      0.27 |      0.28 |   451.20% |   2967.63 |
balls_4            |      7386 |     14253 |     14253 |     14253 |       733 |        11 |    3.17 |        22 |   1546545 |     13.55 |   31.23 |    6.20 |    3.12 |      2.21 |      1.85 |      1.89 |    93.80% |   3907.94 |      0.51 |      0.33 |      0.37 |   467.53% |  20143.64 |
balls_5            |     66435 |     98930 |     98930 |     98930 |      1283 |        21 |    7.13 |        23 |   1610509 |     20.89 |   33.25 |    6.33 |    3.01 |      3.52 |      3.48 |      3.50 |    97.00% |  18999.52 |      0.73 |      0.67 |      0.69 |   428.87% |  96938.23 |
balls_6            |    597876 |    776285 |    776285 |    776285 |      2647 |        61 |   18.10 |        25 |   1655122 |     40.35 |   39.32 |    7.17 |    3.53 |     12.23 |     12.12 |     12.16 |    98.93% |  49164.74 |      3.49 |      3.37 |      3.41 |   345.33% | 175193.20 |
balls_7            |   5380845 |   6381143 |   6381143 |   6381143 |      5452 |       411 |   48.34 |        26 |   1686717 |     90.19 |   43.48 |    7.70 |    3.74 |     79.16 |     74.82 |     78.64 |    99.00% |  68420.87 |     28.34 |     27.81 |     28.04 |   307.87% | 191917.15 |
gears_1            |       579 |      2048 |      2048 |      2048 |        89 |        17 |    4.56 |        17 |   3470668 |     10.42 |   26.77 |    6.70 |    4.76 |      2.71 |      2.69 |      2.70 |    96.33% |    214.39 |      0.46 |      0.44 |      0.45 |   574.13% |   1296.27 |
gears_2            |      4583 |     13150 |     13150 |     13150 |       565 |        20 |    5.36 |        22 |   2740188 |     16.61 |   36.19 |    7.57 |    4.86 |      3.54 |      3.48 |      3.51 |    97.00% |   1307.44 |      0.79 |      0.56 |      0.59 |   566.53% |   7750.28 |
gears_5            |     71507 |    174545 |    174545 |    174545 |      4600 |        32 |    7.40 |        25 |   2253601 |     27.17 |   38.60 |    7.70 |    4.61 |      5.13 |      5.05 |      5.07 |    98.00% |  14103.94 |      1.11 |      1.07 |      1.08 |   423.47% |  65965.87 |
gears_12           |    988423 |   1994637 |   1994637 |   1994637 |     19784 |       448 |   13.65 |        26 |   2245319 |     60.15 |   41.04 |    7.64 |    4.73 |     25.28 |     24.51 |     24.82 |    98.40% |  39819.37 |      8.74 |      8.54 |      8.65 |   271.80% | 114294.98 |
gears_25           |   8937507 |  15475198 |  15475198 |  15475198 |     65861 |      1382 |   27.72 |        28 |   2234549 |     83.28 |   42.10 |    7.62 |    5.19 |    166.84 |    166.40 |    166.60 |    99.00% |  53646.50 |     73.05 |     72.11 |     72.66 |   240.27% | 123011.27 |
jacks_3            |       658 |      3250 |      3250 |      3250 |       812 |         9 |    1.31 |        21 |    127227 |     19.01 |   35.79 |    7.62 |    4.19 |      0.29 |      0.27 |      0.27 |    89.07% |   2407.32 |      0.09 |      0.07 |      0.08 |   290.73% |   8090.16 |
jacks_4            |      5266 |     22909 |     22909 |     22909 |      2087 |         9 |    2.15 |        22 |    183390 |     21.84 |   44.63 |    8.65 |    4.04 |      0.76 |      0.72 |      0.74 |    95.40% |   7109.81 |      0.16 |      0.15 |      0.16 |   402.80% |  33756.41 |
jacks_5            |     42130 |    152094 |    152094 |    152094 |      3175 |        14 |    3.65 |        24 |    242319 |     27.00 |   46.94 |    8.41 |    3.22 |      2.10 |      1.95 |      1.98 |    97.00% |  21313.66 |      0.50 |      0.44 |      0.47 |   403.13% |  89765.62 |
jacks_6            |    337042 |    953850 |    953850 |    953850 |      3420 |        19 |    6.71 |        25 |    282311 |     37.54 |   46.62 |    7.86 |    2.98 |      7.45 |      7.37 |      7.40 |    99.00% |  45529.81 |      2.39 |      2.31 |      2.35 |   324.53% | 143666.67 |
jacks_7            |   2696338 |   6239630 |   6239630 |   6239630 |      3891 |       365 |   13.22 |        27 |    303618 |     57.10 |   45.61 |    7.17 |    2.88 |     46.62 |     46.43 |     46.51 |    99.00% |  57967.48 |     16.72 |     16.39 |     16.51 |   296.33% | 163289.07 |
lattice_5          |       762 |      2003 |      2003 |      2003 |       486 |         4 |    1.42 |        18 |   2608232 |      6.37 |   31.10 |    5.11 |    2.68 |      3.67 |      3.32 |      3.38 |    95.80% |    225.44 |      0.52 |      0.50 |      0.50 |   618.93% |   1509.91 |
lattice_12         |      8287 |     18712 |     18712 |     18712 |       294 |         7 |    2.87 |        19 |   3060159 |     12.00 |   31.40 |    4.25 |    0.48 |      6.21 |      6.13 |      6.16 |    97.93% |   1344.71 |      0.92 |      0.86 |      0.88 |   632.07% |   9381.51 |
lattice_28         |     95039 |    184548 |    184548 |    184548 |       733 |        12 |    6.24 |        21 |   3123522 |     24.49 |   28.18 |    3.71 |    0.54 |     11.62 |     11.44 |     11.51 |    99.00% |   8258.99 |      2.15 |      2.05 |      2.09 |   502.60% |  45415.26 |
lattice_62         |    988287 |   1604486 |   1604486 |   1604486 |      2294 |        32 |   15.23 |        23 |   3128865 |     42.32 |   27.82 |    3.42 |    0.93 |     31.49 |     30.54 |     30.84 |    98.40% |  32047.70 |     10.67 |     10.34 |     10.46 |   284.13% |  94488.53 |
lattice_134        |   9786831 |  14973501 |  14973501 |  14973501 |      1130 |       884 |   36.76 |        25 |   3131210 |     76.53 |   25.56 |    2.86 |    0.86 |    198.89 |    197.53 |    198.29 |    99.00% |  49356.65 |     95.97 |     93.23 |     94.34 |   214.20% | 103739.26 |
mount_4            |       517 |       859 |       859 |       859 |       282 |         8 |    1.30 |        21 |    725176 |      8.98 |   28.05 |    5.91 |    3.98 |      0.93 |      0.66 |      0.70 |    83.80% |    741.40 |      0.49 |      0.17 |      0.21 |   291.47% |   2509.71 |
mount_6            |      8197 |     15402 |     15402 |     15402 |      1423 |        10 |    2.94 |        23 |    725562 |     15.54 |   41.85 |    8.50 |    5.59 |      1.33 |      1.11 |      1.14 |    90.00% |   7181.95 |      0.75 |      0.27 |      0.38 |   283.87% |  21800.53 |
mount_7            |     32773 |     57577 |     57577 |     57577 |      2736 |        18 |    4.89 |        25 |    725525 |     21.74 |   45.57 |    8.85 |    5.73 |      1.86 |      1.73 |      1.75 |    94.20% |  18713.17 |      1.06 |      0.50 |      0.59 |   276.60% |  55547.46 |
mount_9            |    524293 |    822534 |    822534 |    822534 |      7548 |      1089 |   18.64 |        27 |    687629 |     53.72 |   50.64 |    9.60 |    6.64 |     11.58 |     10.96 |     11.05 |    98.33% |  47444.47 |      5.26 |      5.03 |      5.10 |   215.53% | 102829.43 |
mount_11           |   8388613 |  12797809 |  12797809 |  12797809 |     19775 |      1396 |   65.84 |        30 |    687668 |    191.38 |   54.52 |   10.37 |    7.23 |    155.98 |    151.84 |    155.42 |    99.00% |  53974.06 |     80.73 |     79.82 |     80.38 |   211.27% | 104364.54 |
nurbtst_1          |      1501 |     10115 |     10115 |     10115 |      1662 |         9 |    1.90 |        23 |     93275 |     20.86 |   39.99 |    9.49 |    6.26 |      0.18 |      0.17 |      0.17 |    83.53% |   8760.70 |      0.12 |      0.07 |      0.08 |   167.60% |  18157.26 |
rings_3            |       845 |      5444 |      5444 |      5444 |       776 |         8 |    1.88 |        20 |   1289716 |     13.46 |   26.50 |    4.86 |    2.18 |      2.45 |      2.30 |      2.32 |    95.20% |    363.60 |      0.99 |      0.38 |      0.46 |   487.73% |   1834.30 |
rings_7            |      8405 |     57053 |     57053 |     57053 |      7740 |         8 |    1.92 |        24 |   1444605 |     16.01 |   38.87 |    6.72 |    2.90 |      4.31 |      4.16 |      4.19 |    97.20% |   2005.65 |      0.76 |      0.61 |      0.65 |   560.60% |  12864.80 |
rings_16           |     89765 |    640725 |    640725 |    640725 |     86768 |         8 |    1.91 |        28 |   1521999 |     17.26 |   50.35 |    8.16 |    3.74 |      8.22 |      7.69 |      7.76 |    97.60% |  11569.64 |      2.34 |      1.53 |      1.71 |   414.20% |  52637.80 |
rings_36           |    972365 |   7005333 |   7005333 |   7005333 |    921873 |         9 |    1.93 |        32 |   1552400 |     19.18 |   63.38 |   10.01 |    4.88 |     31.46 |     31.25 |     31.34 |    99.00% |  31026.32 |     10.23 |      9.48 |      9.85 |   337.27% |  98690.54 |
rings_78           |   9674345 |  70261356 |  70261356 |  70261356 |   9210690 |       346 |    1.94 |        36 |   1563117 |     19.86 |   77.26 |   11.80 |    6.35 |    268.19 |    258.96 |    263.86 |    99.00% |  36664.41 |    101.46 |     94.27 |     96.83 |   307.27% |  99907.18 |
sample_1           |       882 |     13855 |     13855 |     13855 |       295 |        31 |    4.92 |        23 |    490939 |     33.66 |   38.23 |    7.63 |    2.91 |      1.26 |      1.22 |      1.23 |    92.33% |    715.14 |      0.33 |      0.25 |      0.27 |   406.53% |   3218.98 |
shells_2           |       722 |      5263 |      5263 |      5263 |       164 |       332 |   13.03 |        29 |    426821 |    187.70 |   22.17 |    5.87 |    4.26 |      0.99 |      0.84 |      0.86 |    88.20% |    842.15 |      0.29 |      0.20 |      0.21 |   350.60% |   3363.35 |
shells_5           |      5762 |     37813 |     37813 |     37813 |       267 |      1595 |   61.99 |        30 |    426887 |   2578.47 |   18.46 |    5.45 |    3.91 |      7.00 |      6.90 |      6.93 |    98.00% |    831.46 |      1.16 |      1.02 |      1.10 |   628.93% |   5250.91 |
shells_9           |     92162 |    627867 |    627867 |    627867 |       488 |     25505 |  566.16 |        32 |    426894 | 426894.00 |   18.18 |    5.34 |    3.73 |    190.62 |    175.70 |    181.57 |    99.00% |    507.60 |     42.60 |     38.43 |     40.78 |   694.60% |   2259.91 |
shells_12          |    737282 |   5021979 |   5021979 |   5021979 |       664 |    204033 | 3374.99 |        33 |    426894 |  46457.40 |   18.67 |    5.45 |    3.88 |   2569.87 |   2331.67 |   2400.26 |    99.00% |    307.17 |    681.80 |    609.75 |    638.84 |   729.07% |   1154.10 |
sombrero_1         |      1923 |      2477 |      2477 |      2477 |       803 |         8 |    1.18 |        21 |    374261 |      7.42 |   26.94 |    6.10 |    4.99 |      0.39 |      0.34 |      0.36 |    73.87% |   5331.79 |      0.40 |      0.14 |      0.18 |   155.07% |  10884.91 |
sombrero_2         |      7939 |     11306 |     11306 |     11306 |      2755 |         8 |    1.35 |        23 |    374290 |      8.31 |   31.55 |    6.74 |    5.56 |      0.53 |      0.48 |      0.49 |    81.07% |  16049.19 |      0.21 |      0.19 |      0.20 |   184.33% |  39563.12 |
sombrero_3         |     32259 |     45181 |     45181 |     45181 |      5621 |      1686 |    2.50 |        25 |    374310 |    374.49 |   35.46 |    7.77 |    6.55 |      2.81 |      2.67 |      2.76 |    95.47% |  11685.22 |      1.00 |      0.67 |      0.72 |   377.73% |  44887.29 |
sombrero_5         |    522243 |    713777 |    713777 |    713777 |     17538 |      2971 |    7.63 |        26 |    374278 |    374.07 |   45.31 |    9.05 |    7.46 |     10.92 |     10.79 |     10.86 |    98.87% |  48103.44 |      5.07 |      4.93 |      5.01 |   232.40% | 104212.39 |
sombrero_7         |   8380419 |  11270387 |  11270387 |  11270387 |     50740 |      3168 |   27.69 |        30 |    374268 |    461.86 |   58.44 |   11.37 |    9.24 |    148.23 |    147.11 |    147.62 |    99.00% |  56771.75 |     73.95 |     72.52 |     73.51 |   231.93% | 114003.80 |
teapot_3           |       572 |      2608 |      2608 |      2608 |       470 |        14 |    1.85 |        21 |    897464 |     15.27 |   31.44 |    7.19 |    4.91 |      0.93 |      0.84 |      0.85 |    89.13% |    669.27 |      0.36 |      0.19 |      0.21 |   353.27% |   2715.19 |
teapot_12          |      9410 |     38956 |     38956 |     38956 |      3790 |        25 |    2.77 |        24 |    900892 |     32.83 |   45.09 |    9.61 |    6.69 |      1.90 |      1.56 |      1.59 |    92.80% |   5905.86 |      0.74 |      0.33 |      0.38 |   374.00% |  24505.21 |
teapot_38          |     95002 |    270121 |    270121 |    270121 |     12003 |       160 |    5.31 |        26 |    901269 |     42.81 |   60.26 |   12.45 |    9.38 |      3.84 |      3.79 |      3.81 |    97.00% |  24926.19 |      2.08 |      1.16 |      1.31 |   283.87% |  72631.50 |
teapot_123         |    997532 |   2003025 |   2003025 |   2003025 |     30529 |       494 |   12.41 |        27 |    901360 |     84.54 |   62.11 |   12.30 |    8.95 |     20.21 |     19.99 |     20.05 |    98.93% |  49752.22 |      9.52 |      9.40 |      9.44 |   239.00% | 105648.38 |
teapot_389         |   9984076 |  16070268 |  16070268 |  16070268 |     67449 |      2103 |   32.04 |        29 |    901346 |    210.78 |   71.28 |   13.88 |   10.23 |    186.27 |    175.01 |    184.65 |    99.00% |  54070.86 |     92.42 |     90.72 |     91.65 |   236.67% | 108940.17 |
tetra_4            |       257 |       257 |       257 |       257 |        54 |        16 |    2.95 |        15 |    320408 |     36.78 |   18.55 |    5.07 |    4.32 |      0.34 |      0.32 |      0.32 |    74.47% |    794.85 |      0.15 |      0.13 |      0.14 |   167.47% |   1853.37 |
tetra_6            |      4097 |      5465 |      5465 |      5465 |      1238 |        16 |    2.40 |        22 |    312094 |     31.36 |   42.03 |    9.75 |    8.82 |      0.51 |      0.45 |      0.46 |    79.87% |   8971.53 |      0.17 |      0.16 |      0.17 |   206.27% |  24680.72 |
tetra_8            |     65537 |     86325 |     86325 |     86325 |      5460 |        20 |    5.95 |        24 |    305853 |     66.53 |   57.15 |   13.30 |   12.02 |      1.53 |      1.46 |      1.49 |    93.40% |  44083.18 |      0.70 |      0.63 |      0.64 |   215.27% | 102508.34 |
tetra_9            |    262145 |    345809 |    345809 |    345809 |      9446 |        36 |   10.42 |        24 |    303353 |    114.18 |   64.65 |   14.69 |   13.20 |      4.47 |      4.33 |      4.38 |    97.07% |  59877.80 |      2.34 |      2.19 |      2.22 |   202.00% | 118118.80 |
tetra_11           |   4194305 |   5510869 |   5510869 |   5510869 |     37745 |       616 |   36.18 |        26 |    299057 |    450.58 |   78.11 |   17.21 |   15.42 |     66.79 |     66.40 |     66.63 |    99.00% |  62946.68 |     35.03 |     33.93 |     34.27 |   217.53% | 122401.90 |
tree_7             |       519 |      1181 |      1181 |      1181 |       365 |         5 |    1.27 |        23 |   1419503 |     20.23 |   26.76 |    6.25 |    3.48 |      1.48 |      1.47 |      1.47 |    93.93% |    352.42 |      0.31 |      0.27 |      0.28 |   476.13% |   1844.79 |
tree_11            |      8199 |     12328 |     12328 |     12328 |      1159 |        14 |    2.92 |        24 |   1449365 |     21.69 |   31.10 |    7.13 |    4.26 |      1.93 |      1.89 |      1.91 |    94.93% |   4292.67 |      0.38 |      0.35 |      0.36 |   476.53% |  22483.55 |
tree_14            |     65543 |     82778 |     82778 |     82778 |      2329 |        33 |    6.97 |        26 |   1462882 |     27.10 |   35.17 |    7.92 |    4.84 |      3.44 |      3.38 |      3.41 |    97.00% |  19209.55 |      0.83 |      0.79 |      0.81 |   388.13% |  80917.28 |
tree_17            |    524295 |    606104 |    606104 |    606104 |      4406 |        97 |   19.23 |        26 |   1471317 |     42.83 |   36.17 |    8.07 |    4.91 |     10.81 |     10.74 |     10.77 |    99.00% |  48687.09 |      4.80 |      3.87 |      4.06 |   282.80% | 129051.94 |
tree_21            |   8388615 |   9196035 |   9196035 |   9196035 |     13982 |       477 |   73.90 |        29 |   1478009 |    102.18 |   39.57 |    8.72 |    5.47 |    132.83 |    132.11 |    132.49 |    99.00% |  63314.44 |     57.96 |     56.55 |     56.98 |   279.80% | 147220.34 |
caterpillar_t530   |     21120 |    109789 |    109789 |    109789 |      6077 |       287 |    4.55 |        29 |   4341138 |     26.23 |   45.82 |    8.99 |    7.02 |      6.84 |      6.75 |      6.80 |    91.00% |   3105.58 |      1.52 |      1.46 |      1.49 |   395.60% |  14168.16 |
trailer_container  |     37681 |    185676 |    185676 |    185676 |     11661 |       493 |    3.81 |        31 |   4047742 |    737.47 |   29.76 |    5.98 |    4.37 |     56.70 |     56.44 |     56.55 |    98.00% |    666.30 |      7.83 |      7.72 |      7.78 |   713.40% |   4843.32 |
subaru_impreza_0   |      5203 |     30242 |     30242 |     30242 |      3954 |        20 |    2.30 |        30 |   4047670 |     13.34 |   42.38 |    8.55 |    6.23 |      5.70 |      5.67 |      5.68 |    89.00% |    915.48 |      1.23 |      1.21 |      1.22 |   346.80% |   4260.10 |
subaru_impreza_1   |      5203 |     30677 |     30677 |     30677 |      4013 |        18 |    2.29 |        29 |   4155446 |     13.15 |   43.90 |    8.85 |    6.49 |      5.69 |      5.66 |      5.68 |    89.07% |    916.56 |      1.37 |      1.24 |      1.26 |   353.13% |   4135.93 |
hummer             |     32773 |    139933 |    139933 |    139933 |      7682 |        40 |    4.24 |        31 |   4714861 |     13.11 |   43.13 |    7.83 |    5.86 |      6.37 |      6.32 |      6.35 |    90.00% |   5160.56 |      1.47 |      1.40 |      1.43 |   385.53% |  22961.00 |
t_62               |     27463 |    199722 |    199722 |    199722 |     13941 |       294 |    3.80 |        30 |   3461618 |     17.62 |   44.64 |    9.18 |    7.55 |      7.32 |      7.29 |      7.31 |    91.93% |   3756.22 |      2.16 |      1.50 |      1.62 |   400.87% |  16924.61 |
scud_launcher      |     57450 |    288268 |    288268 |    288268 |     19501 |       340 |    3.84 |        31 |   4240813 |     21.01 |   48.50 |    9.16 |    7.07 |     11.01 |     10.97 |     10.99 |    94.00% |   5227.16 |      2.28 |      2.04 |      2.08 |   481.67% |  27611.34 |
isd_imperator_0    |   1569677 |  17502265 |  17502265 |  17502265 |     65523 |      3350 |   14.58 |        46 |   2696461 |    501.33 |   94.69 |   19.51 |    8.11 |     65.77 |     65.52 |     65.60 |    99.00% |  23926.30 |     16.36 |     15.25 |     15.50 |   424.67% | 101265.13 |
isd_imperator_1    |   1569677 |  17623456 |  17623456 |  17623456 |     65286 |      2529 |   14.62 |        48 |   3158395 |    669.91 |   83.51 |   17.06 |    9.03 |     95.83 |     95.51 |     95.73 |    99.00% |  16397.49 |     19.84 |     18.49 |     18.82 |   484.27% |  83416.55 |
isd_imperator_2    |   1569677 |  17556169 |  17556169 |  17556169 |     63961 |      1913 |   14.75 |        48 |   2672242 |    554.46 |  114.73 |   22.21 |   11.41 |     65.53 |     65.22 |     65.42 |    99.00% |  23992.86 |     16.86 |     15.29 |     15.69 |   418.40% | 100030.40 |
bun_zipper         |     69453 |     98698 |     98698 |     98698 |       343 |       363 |   58.44 |        24 |   3004968 |    418.41 |   36.67 |    7.89 |    6.34 |     19.23 |     19.12 |     19.16 |    96.53% |   3625.02 |      3.21 |      3.15 |      3.18 |   564.60% |  21817.70 |
bun_zipper_res2    |     16303 |     25174 |     25174 |     25174 |       179 |       405 |   34.63 |        23 |   2998612 |    362.43 |   33.37 |    7.41 |    5.96 |     15.55 |     15.42 |     15.47 |    96.00% |   1054.07 |      2.51 |      2.49 |      2.50 |   585.80% |   6514.25 |
bun_zipper_res3    |      3853 |      6894 |      6894 |      6894 |        94 |        55 |   19.59 |        22 |   2980742 |    145.81 |   30.48 |    6.98 |    5.60 |      6.99 |      6.94 |      6.97 |    91.00% |    553.06 |      1.94 |      1.40 |      1.44 |   440.93% |   2669.52 |
bun_zipper_res4    |       950 |      1981 |      1981 |      1981 |        63 |        44 |   10.43 |        22 |   2942964 |     81.22 |   29.24 |    6.66 |    5.42 |      4.52 |      4.48 |      4.50 |    87.00% |    210.95 |      1.26 |      1.08 |      1.10 |   351.00% |    865.74 |
dragon_vrip        |    871308 |   1100759 |   1100759 |   1100759 |       732 |      1809 |  173.48 |        26 |   3329920 |   1070.50 |   45.55 |    9.18 |    6.91 |     93.49 |     92.32 |     93.23 |    99.00% |   9346.26 |     15.68 |     15.53 |     15.60 |   542.53% |  55865.01 |
dragon_vrip_res2   |    202522 |    278592 |    278592 |    278592 |       427 |       460 |   96.50 |        25 |   3327322 |    610.75 |   42.26 |    8.65 |    6.63 |     47.57 |     47.38 |     47.46 |    98.00% |   4267.21 |      6.79 |      6.68 |      6.72 |   600.33% |  30146.17 |
dragon_vrip_res3   |     47796 |     72612 |     72612 |     72612 |       251 |       474 |   51.64 |        23 |   3317542 |    323.67 |   38.68 |    8.05 |    6.27 |     21.82 |     21.64 |     21.71 |    96.93% |   2201.70 |      3.36 |      3.31 |      3.33 |   602.07% |  14373.30 |
dragon_vrip_res4   |     11104 |     18742 |     18742 |     18742 |       149 |        96 |   28.66 |        22 |   3289442 |    180.58 |   35.20 |    7.51 |    5.77 |     11.59 |     11.52 |     11.57 |    94.40% |    960.11 |      2.02 |      1.98 |      1.99 |   540.73% |   5579.90 |
happy_vrip         |   1087476 |   1352490 |   1352490 |   1352490 |       702 |      3283 |  252.61 |        26 |   3277196 |   1518.02 |   51.37 |    9.74 |    7.47 |    143.38 |    142.16 |    142.85 |    99.00% |   7612.61 |     24.19 |     23.80 |     24.06 |   592.07% |  45203.51 |
happy_vrip_res2    |    293234 |    387364 |    387364 |    387364 |       484 |      1640 |  155.94 |        25 |   3277798 |   1010.17 |   47.39 |    9.02 |    7.01 |     81.01 |     80.67 |     80.85 |    99.00% |   3626.92 |     12.36 |     11.65 |     11.88 |   642.33% |  24687.15 |
happy_vrip_res3    |     67242 |     94243 |     94243 |     94243 |       228 |      2015 |   89.16 |        24 |   3270572 |   1548.20 |   40.38 |    7.90 |    5.97 |    126.63 |    124.44 |    125.22 |    99.00% |    537.01 |     17.04 |     16.07 |     16.22 |   745.67% |   4144.60 |
happy_vrip_res4    |     15538 |     25243 |     25243 |     25243 |       134 |       436 |   39.02 |        24 |   3250066 |    275.70 |   38.79 |    7.92 |    6.12 |     18.76 |     18.61 |     18.64 |    96.00% |    833.55 |      2.96 |      2.90 |      2.91 |   615.20% |   5340.74 |
armadillo          |    345946 |    984182 |    984182 |    984182 |    324743 |        12 |    1.13 |        34 |   3048742 |     12.66 |   74.29 |   15.09 |   13.00 |     13.26 |     13.08 |     13.15 |    94.93% |  26299.68 |      3.76 |      3.62 |      3.67 |   363.13% |  94297.47 |
drill_shaft_vrip   |      3857 |      4445 |      4445 |      4445 |        23 |       656 |  108.42 |        21 |   2102098 |   1585.20 |   24.83 |    7.98 |    6.38 |      4.46 |      3.91 |      3.96 |    84.27% |    974.32 |      1.15 |      1.05 |      1.07 |   313.60% |   3591.25 |
drill_shaft_zip    |      1290 |      1458 |      1458 |      1458 |        22 |       631 |   41.66 |        19 |   2111588 |   1231.36 |   24.85 |    7.98 |    6.40 |      4.18 |      4.15 |      4.17 |    85.87% |    309.70 |      1.12 |      1.06 |      1.08 |   331.87% |   1196.66 |
xyzrgb_dragon      |   7219047 |  39123667 |  39123667 |  39123667 |   4256374 |       612 |    2.45 |        38 |   3583666 |     22.68 |   85.07 |   16.32 |   13.19 |    182.77 |    178.23 |    181.82 |    99.00% |  39703.63 |     51.46 |     49.55 |     50.43 |   400.60% | 143155.53 |
xyzrgb_manuscript  |   4305820 |  16666182 |  16666182 |  16666182 |   1494182 |      3034 |    3.01 |        38 |   3338338 |     94.21 |   55.94 |   11.53 |   10.16 |     94.48 |     89.65 |     93.70 |    99.00% |  45955.54 |     26.93 |     25.55 |     26.11 |   394.87% | 164914.97 |
xyzrgb_statuette   |  10000002 |  63930021 |  63930021 |  63930021 |   9319233 |      2001 |    2.04 |        40 |   3625508 |     19.67 |   73.05 |   13.32 |   10.21 |    269.18 |    254.66 |    266.19 |    99.00% |  37567.82 |     75.05 |     70.76 |     72.99 |   409.33% | 137008.85 |
blade              |   1765390 |   3768216 |   3768216 |   3768216 |   1353713 |       382 |    1.13 |        36 |   4139214 |     10.41 |   70.76 |   12.41 |    9.20 |     39.59 |     37.83 |     38.32 |    97.60% |  46073.68 |     11.65 |     11.31 |     11.43 |   356.60% | 154479.35 |
hand               |    654668 |   1029442 |   1029442 |   1029442 |     17945 |        35 |    9.70 |        31 |   2621978 |     60.27 |   36.66 |    7.97 |    6.48 |     14.51 |     13.60 |     13.71 |    94.40% |  47746.49 |      5.78 |      5.53 |      5.57 |   277.40% | 117506.52 |
horse              |     96968 |    130265 |    130265 |    130265 |       230 |       823 |   95.22 |        27 |   2976510 |    775.43 |   47.39 |   10.15 |    7.90 |     41.99 |     40.38 |     41.05 |    97.40% |   2362.19 |      6.06 |      5.88 |      5.92 |   624.00% |  16387.11 |
