Tests run at: Mon Jun 22 11:53:21 2009 on host: whale.astri.org

Test         | nsp       | ntp       | ng        | ne        | nee       | ner       | nea     | d         | nr        | ritm      | nts     | nets    | neets   |  Maximum  |  Minimum  |  Average  | CPU         | Primtives
             |           |           |           |           |           |           |         |           |           |           |         |         |         |  Run Time |  Run Time |  Run Time | Utilisation | Per Second
blkchair     |       653 |      2427 |      2427 |      2427 |        88 |        49 |    7.51 |        23 |    328219 |     39.45 |   16.92 |    4.44 |    3.76 |       0 |       0 |      0.27 |      0.26 |      0.24 |    56.30% |   2766.95 |      0.16 |      0.13 |      0.14 |   120.00% |   4664.29 |
bluchair     |       120 |       460 |       460 |       460 |        40 |        15 |    3.68 |        17 |    316649 |     29.11 |    9.79 |    3.32 |    2.61 |       0 |       0 |      0.23 |      0.23 |      0.23 |    57.00% |    521.74 |      0.19 |      0.13 |      0.15 |    91.90% |    800.00 |
book         |        43 |       197 |       197 |       197 |        26 |         6 |    2.32 |        15 |    327576 |     18.80 |   12.76 |    3.87 |    3.30 |       0 |       0 |      0.34 |      0.22 |      0.23 |    54.80% |    184.55 |      0.20 |      0.12 |      0.14 |    91.30% |    307.14 |
bookbox      |        45 |       178 |       178 |       178 |        14 |        10 |    3.36 |        14 |    325882 |     11.13 |    9.30 |    2.87 |    2.49 |       0 |       0 |      0.22 |      0.22 |      0.22 |    55.90% |    204.55 |      0.17 |      0.13 |      0.13 |    95.50% |    335.82 |
butterfly    |       320 |      1062 |      1062 |      1062 |       176 |        10 |    2.22 |        21 |    591266 |      3.15 |   22.23 |    5.85 |    4.75 |       0 |       0 |      0.49 |      0.49 |      0.49 |    79.60% |    653.06 |      0.23 |      0.16 |      0.18 |   218.60% |   1787.71 |
cabin        |      4766 |     31405 |     31405 |     31405 |      1180 |        32 |    4.93 |        27 |    420200 |     22.14 |   29.30 |    6.67 |    5.31 |  104864 |  104864 |      0.66 |      0.57 |      0.58 |    81.70% |   8203.10 |      0.23 |      0.22 |      0.22 |   228.90% |  21372.20 |
chair1       |       653 |      5839 |      5839 |      5839 |       425 |        24 |    3.58 |        23 |    324928 |     32.30 |   22.60 |    6.23 |    5.92 |       0 |       0 |      0.29 |      0.28 |      0.26 |    60.40% |   2550.78 |      0.16 |      0.14 |      0.14 |   130.70% |   4503.45 |
chair2       |      1429 |      9908 |      9908 |      9908 |       807 |        24 |    3.34 |        26 |    341232 |     13.39 |   23.46 |    5.82 |    5.44 |       0 |       0 |      0.56 |      0.30 |      0.35 |    61.60% |   4071.23 |      0.24 |      0.15 |      0.17 |   132.60% |   8556.89 |
coatrack     |       107 |       160 |       160 |       160 |        29 |        11 |    2.11 |        15 |    312486 |     25.99 |    7.89 |    2.80 |    2.67 |       0 |       0 |      0.19 |      0.18 |      0.18 |    48.80% |    591.16 |      0.12 |      0.12 |      0.12 |    70.80% |    891.67 |
conftabl     |       179 |       674 |       674 |       674 |        65 |        17 |    3.57 |        18 |    332451 |     20.30 |   12.79 |    3.72 |    3.07 |   27583 |   27583 |      0.26 |      0.25 |      0.25 |    63.30% |    710.32 |      0.22 |      0.13 |      0.14 |   113.20% |   1234.48 |
coord        |         8 |        17 |        17 |        17 |        11 |         4 |    0.77 |        11 |    314635 |     22.70 |   10.12 |    3.48 |    2.88 |       0 |       0 |      0.23 |      0.23 |      0.23 |    60.00% |     34.78 |      0.17 |      0.13 |      0.13 |   103.90% |     59.70 |
corndesk     |       151 |       895 |       895 |       895 |        28 |        19 |    3.76 |        19 |    360481 |     10.77 |   14.70 |    3.64 |    2.70 |       0 |       0 |      0.78 |      0.29 |      0.34 |    63.80% |    442.82 |      0.17 |      0.13 |      0.14 |   142.00% |   1070.92 |
curtain      |       801 |       837 |       837 |       837 |       974 |         4 |    0.62 |        22 |    348897 |      6.15 |   22.61 |    5.81 |    5.29 |       0 |       0 |      0.31 |      0.31 |      0.31 |    69.30% |   2583.87 |      0.19 |      0.14 |      0.15 |   140.60% |   5448.98 |
dafvase      |       113 |       720 |       720 |       720 |       137 |        31 |    1.64 |        21 |    342303 |     32.67 |   22.35 |    6.15 |    3.87 |       0 |       0 |      0.55 |      0.55 |      0.49 |    74.60% |    228.28 |      0.18 |      0.17 |      0.17 |   259.10% |    653.18 |
desk         |       151 |       895 |       895 |       895 |        28 |        19 |    3.76 |        19 |    360481 |     10.77 |   14.70 |    3.64 |    2.70 |       0 |       0 |      0.78 |      0.29 |      0.34 |    63.80% |    442.82 |      0.13 |      0.13 |      0.13 |    91.10% |   1161.54 |
desklamp     |        19 |        65 |        65 |        65 |        31 |         7 |    7.00 |        17 |    323173 |     32.87 |   12.23 |    3.84 |    2.53 |       0 |       0 |      0.27 |      0.27 |      0.27 |    65.60% |     70.37 |      0.26 |      0.13 |      0.18 |   108.60% |    107.95 |
doorclsr     |       116 |       223 |       223 |       223 |        21 |        22 |    4.46 |        15 |    335684 |     22.01 |    9.56 |    3.21 |    2.94 |       0 |       0 |      0.22 |      0.21 |      0.22 |    57.80% |    534.56 |      0.55 |      0.21 |      0.28 |    48.90% |    415.77 |
dresser      |       307 |      1022 |      1022 |      1022 |        80 |        21 |    3.98 |        21 |    344979 |     26.59 |   19.28 |    5.27 |    4.09 |       0 |       0 |      0.30 |      0.28 |      0.29 |    67.10% |   1077.19 |      0.51 |      0.21 |      0.31 |    68.40% |   1003.27 |
exitsign     |       205 |       431 |       431 |       431 |        11 |        24 |    8.62 |        14 |    318758 |     22.67 |    9.02 |    3.04 |    2.90 |   10568 |   10568 |      0.20 |      0.20 |      0.20 |    51.60% |   1025.00 |      0.72 |      0.20 |      0.33 |    37.30% |    626.91 |
exting       |        69 |       109 |       109 |       109 |        20 |        12 |    2.06 |        15 |    323281 |     26.17 |   10.67 |    3.63 |    2.99 |       0 |       0 |      1.26 |      0.21 |      0.35 |    36.20% |    198.28 |      0.59 |      0.24 |      0.33 |    35.90% |    207.83 |
medcab       |       123 |       368 |       368 |       368 |        10 |        24 |    6.34 |        14 |    328621 |     11.45 |    8.51 |    3.12 |    2.98 |   12115 |   12115 |      0.20 |      0.19 |      0.19 |    52.20% |    640.63 |      1.04 |      0.24 |      0.44 |    29.30% |    279.55 |
mug          |        26 |        82 |        82 |        82 |        45 |         5 |    1.04 |        15 |    353675 |     14.86 |   12.28 |    3.82 |    3.33 |       0 |       0 |      0.56 |      0.26 |      0.29 |    61.30% |     89.66 |      0.30 |      0.18 |      0.22 |    64.60% |    118.72 |
office       |      1001 |      5506 |      5506 |      5506 |       284 |        50 |    4.63 |        21 |    632633 |     13.56 |   23.32 |    3.80 |    1.95 |       0 |       0 |      0.74 |      0.71 |      0.72 |    86.20% |   1398.04 |      0.20 |      0.19 |      0.20 |   308.40% |   5030.15 |
openbook     |       349 |      2572 |      2572 |      2572 |       226 |        11 |    2.93 |        22 |    363398 |     10.50 |   21.58 |    5.78 |    4.73 |       0 |       0 |      0.30 |      0.29 |      0.29 |    68.40% |   1183.05 |      0.14 |      0.14 |      0.14 |   146.90% |   2492.86 |
orgchair     |       179 |       419 |       419 |       419 |        43 |        14 |    3.17 |        17 |    318266 |     12.06 |    8.31 |    2.81 |    2.67 |       0 |       0 |      0.46 |      0.18 |      0.24 |    42.20% |    752.10 |      0.17 |      0.12 |      0.12 |    74.10% |   1432.00 |
pencil       |        39 |        69 |        69 |        69 |        14 |         6 |    1.73 |        14 |    310598 |      7.24 |    6.27 |    2.27 |    2.25 |       0 |       0 |      0.17 |      0.16 |      0.17 |    44.60% |    232.14 |      0.12 |      0.11 |      0.12 |    62.90% |    327.73 |
podium       |       133 |       471 |       471 |       471 |        23 |        14 |    4.66 |        17 |    330513 |      5.04 |    8.96 |    2.89 |    2.67 |       0 |       0 |      0.22 |      0.20 |      0.18 |    47.40% |    730.77 |      0.13 |      0.12 |      0.13 |    85.10% |   1047.24 |
redchair     |      1429 |      4241 |      4241 |      4241 |       147 |        41 |    8.69 |        23 |    319766 |     31.44 |   16.62 |    4.58 |    4.02 |       0 |       0 |      0.25 |      0.24 |      0.24 |    61.90% |   5856.56 |      0.28 |      0.14 |      0.16 |   102.30% |   8987.42 |
soda         |      2057 |     10011 |     10011 |     10011 |       745 |        22 |    3.58 |        21 |    639304 |      9.79 |   35.13 |    6.42 |    3.70 |  238698 |  238698 |      0.93 |      0.92 |      0.92 |    89.10% |   2231.02 |      0.40 |      0.23 |      0.27 |   314.40% |   7733.08 |
speaker      |        51 |       113 |       113 |       113 |         8 |        14 |    5.14 |        12 |    312405 |      7.91 |    6.45 |    2.38 |    2.34 |       0 |       0 |      0.36 |      0.17 |      0.21 |    39.90% |    239.44 |      0.15 |      0.12 |      0.13 |    60.30% |    404.76 |
terminal     |      1179 |      3884 |      3884 |      3884 |        65 |        38 |   10.53 |        23 |    354754 |     54.87 |   24.38 |    6.38 |    4.93 |       0 |       0 |      0.47 |      0.42 |      0.42 |    76.70% |   2774.12 |      0.22 |      0.16 |      0.16 |   168.40% |   7557.69 |
toilet       |       489 |      1551 |      1551 |      1551 |        81 |        19 |    4.44 |        24 |    319962 |     26.36 |   16.66 |    4.45 |    3.80 |       0 |       0 |      1.12 |      0.23 |      0.30 |    49.60% |   1624.58 |      0.15 |      0.13 |      0.14 |   107.20% |   3595.59 |
vanity       |       485 |      1936 |      1936 |      1936 |        99 |        29 |    4.58 |        23 |    352442 |     18.73 |   22.56 |    5.91 |    4.83 |       0 |       0 |      0.32 |      0.31 |      0.32 |    70.30% |   1520.38 |      0.15 |      0.14 |      0.14 |   153.30% |   3368.06 |
vent         |       933 |      2079 |      2079 |      2079 |       395 |         7 |    1.81 |        19 |    383589 |      5.98 |   19.29 |    4.98 |    4.18 |       0 |       0 |      0.31 |      0.30 |      0.30 |    69.40% |   3089.40 |      0.19 |      0.14 |      0.15 |   141.50% |   6098.04 |
whale2       |      2287 |     21802 |     21802 |     21802 |      2486 |        32 |    2.46 |        26 |    329274 |     19.32 |   23.89 |    6.74 |    6.26 |       0 |       0 |      0.35 |      0.35 |      0.35 |    72.70% |   6534.29 |      0.18 |      0.17 |      0.17 |   165.70% |  13296.51 |
wstbskt      |       599 |      1242 |      1242 |      1242 |        60 |        41 |    8.17 |        22 |    313784 |     32.48 |   13.27 |    4.10 |    3.83 |       0 |       0 |      0.34 |      0.21 |      0.22 |    52.90% |   2674.11 |      0.26 |      0.13 |      0.15 |    82.40% |   4047.30 |
balls_3      |       825 |      2150 |      2150 |      2150 |       341 |         5 |    1.71 |        21 |   1461994 |     10.48 |   28.76 |    6.05 |    2.97 |       0 |       5 |      1.42 |      1.41 |      1.27 |    84.40% |    647.57 |      0.32 |      0.26 |      0.27 |   459.80% |   3000.00 |
balls_4      |      7386 |     14332 |     14332 |     14332 |       731 |        13 |    3.18 |        22 |   1546545 |     13.11 |   33.49 |    6.50 |    3.12 |       0 |       6 |      1.99 |      1.85 |      1.87 |    94.30% |   3943.41 |      0.37 |      0.34 |      0.35 |   484.70% |  20864.41 |
balls_5      |     66435 |     98781 |     98781 |     98781 |      1332 |        22 |    7.10 |        23 |   1610509 |     20.44 |   36.27 |    6.85 |    3.17 |       0 |       7 |      3.45 |      3.33 |      3.04 |    86.30% |  21882.41 |      0.82 |      0.76 |      0.78 |   445.20% |  85612.11 |
balls_6      |    597876 |    775079 |    775079 |    775079 |      2548 |        59 |   18.02 |        24 |   1655122 |     39.61 |   42.05 |    7.61 |    3.60 |       0 |       1 |     13.08 |     12.89 |     12.96 |    98.80% |  46143.09 |      4.22 |      4.09 |      4.15 |   360.90% | 144031.80 |
balls_7      |   5380845 |   6366173 |   6366173 |   6366173 |      5509 |       296 |   48.46 |        26 |   1686717 |     88.21 |   46.79 |    8.27 |    3.95 |       0 |       2 |     88.81 |     87.91 |     88.34 |    99.00% |  60907.87 |     34.19 |     33.51 |     33.92 |   334.10% | 158614.70 |
gears_1      |       579 |      2054 |      2054 |      2054 |        89 |        17 |    4.60 |        17 |   3470668 |     10.48 |   28.23 |    6.81 |    4.17 |       0 |       5 |      2.85 |      2.70 |      2.73 |    95.90% |    212.32 |      0.43 |      0.42 |      0.43 |   591.30% |   1349.65 |
gears_2      |      4583 |     13315 |     13315 |     13315 |       495 |        20 |    5.52 |        23 |   2740188 |     16.79 |   37.97 |    7.56 |    4.37 |       0 |       3 |      3.98 |      3.63 |      3.33 |    86.40% |   1377.52 |      0.86 |      0.56 |      0.62 |   557.70% |   7356.34 |
gears_5      |     71507 |    169945 |    169945 |    169945 |      4232 |        29 |    7.51 |        25 |   2253601 |     30.13 |   40.60 |    7.95 |    4.24 |       0 |       4 |      5.84 |      5.36 |      5.57 |    97.10% |  12828.67 |      1.33 |      1.25 |      1.29 |   428.30% |  55474.79 |
jacks_3      |       658 |      3248 |      3248 |      3248 |       803 |         9 |    1.31 |        21 |    127227 |     18.73 |   35.77 |    7.62 |    4.07 |       0 |       5 |      0.28 |      0.27 |      0.25 |    80.60% |   2685.71 |      0.09 |      0.08 |      0.08 |   296.30% |   8123.46 |
jacks_4      |      5266 |     23083 |     23083 |     23083 |      2091 |        10 |    2.15 |        22 |    183390 |     21.93 |   44.72 |    8.70 |    3.89 |       0 |       6 |      0.83 |      0.71 |      0.75 |    93.80% |   7021.33 |      0.19 |      0.17 |      0.18 |   400.50% |  29418.99 |
jacks_5      |     42130 |    152115 |    152115 |    152115 |      3148 |        14 |    3.65 |        24 |    242319 |     27.14 |   46.99 |    8.44 |    3.09 |       0 |       7 |      2.39 |      2.09 |      2.15 |    96.00% |  19558.96 |      0.63 |      0.59 |      0.60 |   428.90% |  69983.39 |
jacks_6      |    337042 |    952179 |    952179 |    952179 |      3434 |        19 |    6.72 |        25 |    282311 |     37.58 |   46.39 |    7.75 |    2.83 |       0 |       5 |      8.60 |      7.85 |      8.27 |    98.40% |  40749.85 |      3.15 |      3.00 |      3.07 |   354.80% | 109893.06 |
jacks_7      |   2696338 |   6220985 |   6220985 |   6220985 |      4016 |       358 |   13.20 |        26 |    303618 |     57.34 |   45.82 |    7.19 |    2.81 |       0 |      12 |     52.55 |     48.42 |     50.04 |    99.00% |  53889.04 |     21.34 |     20.92 |     21.12 |   328.40% | 127691.70 |
lattice_5    |       762 |      2035 |      2035 |      2035 |       519 |         4 |    1.38 |        20 |   2608232 |      4.82 |   28.84 |    4.20 |    2.05 |       0 |      28 |      3.04 |      2.82 |      2.89 |    95.90% |    264.12 |      0.45 |      0.44 |      0.44 |   595.50% |   1720.09 |
lattice_12   |      8287 |     18313 |     18313 |     18313 |       399 |         7 |    2.85 |        19 |   3060159 |      8.30 |   28.19 |    3.49 |    0.44 |       0 |       4 |      5.39 |      5.16 |      4.74 |    87.80% |   1749.05 |      0.78 |      0.76 |      0.77 |   615.20% |  10776.33 |
lattice_28   |     95039 |    174067 |    174067 |    174067 |       977 |        14 |    6.13 |        21 |   3123522 |     16.08 |   26.29 |    2.98 |    0.31 |       0 |       6 |      9.90 |      9.06 |      8.43 |    88.30% |  11271.23 |      2.04 |      2.00 |      2.02 |   472.00% |  47072.31 |
mount_4      |       517 |       872 |       872 |       872 |       289 |         8 |    1.30 |        20 |    725176 |      9.27 |   30.95 |    6.78 |    4.39 |       0 |       7 |      0.81 |      0.69 |      0.71 |    85.80% |    724.09 |      0.19 |      0.17 |      0.18 |   325.40% |   2888.27 |
mount_6      |      8197 |     15332 |     15332 |     15332 |      1422 |        10 |    2.91 |        23 |    725562 |     15.63 |   42.89 |    8.85 |    5.59 |       0 |       9 |      1.25 |      1.12 |      1.03 |    81.40% |   7981.50 |      0.33 |      0.29 |      0.30 |   344.20% |  27599.33 |
mount_7      |     32773 |     58001 |     58001 |     58001 |      2679 |        18 |    4.93 |        24 |    725525 |     22.19 |   45.75 |    9.21 |    5.89 |       0 |       1 |      2.37 |      1.75 |      1.88 |    91.00% |  17478.93 |      0.63 |      0.57 |      0.59 |   315.90% |  56022.22 |
mount_9      |    524293 |    818630 |    818630 |    818630 |      7596 |       569 |   18.66 |        27 |    687629 |     54.91 |   49.58 |    9.81 |    6.64 |       0 |       3 |     12.68 |     11.44 |     12.08 |    98.20% |  43398.15 |      6.27 |      5.98 |      6.08 |   234.50% |  86175.71 |
nurbtst_1    |      1501 |      9990 |      9990 |      9990 |      1654 |        10 |    1.90 |        22 |     93275 |     20.62 |   40.48 |    9.49 |    6.17 |       0 |       7 |      0.23 |      0.17 |      0.17 |    71.00% |   8988.02 |      0.16 |      0.08 |      0.10 |   161.60% |  15010.00 |
rings_3      |       845 |      5488 |      5488 |      5488 |       745 |         8 |    1.91 |        20 |   1288987 |     15.93 |   34.82 |    7.11 |    3.12 |       0 |      16 |      3.63 |      2.83 |      2.96 |    92.90% |    285.18 |      0.49 |      0.44 |      0.46 |   574.40% |   1844.98 |
rings_7      |      8405 |     57978 |     57978 |     57978 |      7489 |         8 |    1.95 |        24 |   1444212 |     19.46 |   50.20 |    9.75 |    4.20 |       0 |      36 |      4.99 |      4.76 |      4.92 |    97.80% |   1709.38 |      0.86 |      0.78 |      0.81 |   572.30% |  10376.54 |
rings_16     |     89765 |    625683 |    625683 |    625683 |     85341 |         8 |    1.90 |        27 |   1521765 |     21.64 |   67.66 |   12.47 |    6.11 |       0 |       1 |      9.15 |      8.61 |      8.91 |    98.40% |  10071.24 |      2.29 |      2.15 |      2.21 |   455.50% |  40525.96 |
rings_36     |    972365 |   6878431 |   6878431 |   6878431 |    927852 |         9 |    1.92 |        32 |   1552232 |     23.92 |   89.67 |   16.06 |    8.73 |       0 |       2 |     36.49 |     35.33 |     35.81 |    98.80% |  27151.93 |     15.21 |     14.52 |     14.82 |   355.80% |  65616.10 |
sample_1     |       882 |     13757 |     13757 |     13757 |       305 |        38 |    4.94 |        23 |    490905 |     33.51 |   38.14 |    7.70 |    2.62 |       0 |       5 |      1.59 |      1.21 |      1.25 |    90.50% |    706.16 |      0.27 |      0.25 |      0.25 |   432.80% |   3472.44 |
shells_2     |       722 |      7204 |      7204 |      7204 |       186 |       190 |   15.10 |        34 |    426821 |    175.93 |   22.64 |    5.98 |    4.27 |       0 |       9 |      0.86 |      0.84 |      0.85 |    89.40% |    849.41 |      0.24 |      0.20 |      0.20 |   365.90% |   3539.22 |
shells_5     |      5762 |     39479 |     39479 |     39479 |       291 |      1894 |   56.48 |        33 |    426887 |   2597.90 |   19.28 |    5.70 |    3.94 |       0 |       1 |      8.03 |      7.29 |      7.44 |    96.50% |    774.05 |      1.16 |      1.07 |      1.01 |   589.90% |   5710.60 |
shells_9     |     92162 |    609253 |    609253 |    609253 |       470 |     30292 |  565.70 |        37 |    426894 | 426894.00 |   19.17 |    5.63 |    3.85 |       3 |       2 |    246.25 |    233.12 |    143.84 |    59.40% |    640.74 |     48.49 |     44.20 |     46.66 |   733.30% |   1975.06 |
sombrero_1   |      1923 |      2547 |      2547 |      2547 |       841 |         8 |    1.17 |        21 |    374261 |      7.61 |   28.76 |    6.41 |    5.10 |       0 |       3 |      0.36 |      0.35 |      0.35 |    76.40% |   5478.63 |      0.16 |      0.14 |      0.15 |   180.60% |  13171.23 |
sombrero_2   |      7939 |     11235 |     11235 |     11235 |      2603 |         8 |    1.39 |        23 |    374290 |      8.24 |   32.74 |    7.12 |    5.76 |       0 |       5 |      1.00 |      0.47 |      0.52 |    78.20% |  15121.90 |      0.22 |      0.20 |      0.21 |   199.10% |  37804.76 |
sombrero_3   |     32259 |     45298 |     45298 |     45298 |      5995 |       698 |    2.39 |        24 |    374310 |     94.63 |   35.02 |    7.53 |    6.13 |       0 |       3 |      1.34 |      1.33 |      1.34 |    93.20% |  24127.90 |      0.54 |      0.51 |      0.52 |   281.30% |  61562.98 |
sombrero_5   |    522243 |    716538 |    716538 |    716538 |     18752 |       950 |    7.40 |        27 |    374278 |    161.60 |   45.35 |    8.90 |    7.20 |       0 |      12 |     11.34 |     10.62 |     10.77 |    98.10% |  48513.05 |      5.83 |      5.20 |      5.33 |   242.10% |  97981.80 |
teapot_3     |       572 |      2582 |      2582 |      2582 |       462 |        14 |    1.86 |        21 |    897464 |     14.59 |   31.42 |    6.93 |    4.45 |       0 |      38 |      0.92 |      0.83 |      0.84 |    89.20% |    679.33 |      0.20 |      0.19 |      0.20 |   362.00% |   2918.37 |
teapot_12    |      9410 |     38572 |     38572 |     38572 |      3879 |        24 |    2.75 |        24 |    900892 |     32.45 |   45.64 |    9.28 |    6.17 |       0 |     123 |      1.75 |      1.57 |      1.44 |    83.10% |   6521.14 |      0.41 |      0.37 |      0.38 |   396.40% |  24698.16 |
teapot_38    |     95002 |    271003 |    271003 |    271003 |     11863 |       160 |    5.31 |        25 |    901269 |     41.53 |   57.30 |   11.56 |    8.24 |       0 |     389 |      4.01 |      3.86 |      3.90 |    96.60% |  24340.76 |      1.52 |      1.33 |      1.37 |   328.00% |  69395.18 |
teapot_123   |    997532 |   2003767 |   2003767 |   2003767 |     30788 |       494 |   12.38 |        27 |    901360 |     82.85 |   65.70 |   12.77 |    9.13 |       0 |       4 |     23.66 |     23.05 |     23.25 |    98.20% |  42904.60 |     10.87 |     10.62 |     10.77 |   271.80% |  92612.76 |
teapot_389   |   9984076 |  16040084 |  16040084 |  16040084 |     65075 |      1558 |   32.14 |        29 |    901346 |    219.24 |   74.59 |   14.15 |   10.07 |   73124 |       6 |    201.69 |    196.46 |    198.14 |    99.00% |  50388.74 |    102.22 |     99.87 |    100.66 |   263.80% |  99188.10 |
tetra_4      |       257 |       257 |       257 |       257 |        55 |        16 |    2.92 |        15 |    320408 |     36.80 |   18.91 |    5.16 |    4.26 |       0 |       8 |      0.42 |      0.30 |      0.32 |    70.40% |    815.87 |      0.16 |      0.12 |      0.13 |   165.80% |   1961.83 |
tetra_6      |      4097 |      5433 |      5433 |      5433 |      1193 |        16 |    2.46 |        21 |    312094 |     32.83 |   41.69 |    9.70 |    8.63 |       0 |       9 |      0.54 |      0.44 |      0.41 |    70.30% |   9896.14 |      0.21 |      0.16 |      0.17 |   206.10% |  24532.93 |
tetra_8      |     65537 |     85637 |     85637 |     85637 |      5337 |        20 |    6.00 |        24 |    305853 |     65.17 |   55.23 |   12.79 |   11.45 |       0 |      11 |      2.47 |      1.49 |      1.65 |    87.10% |  39647.31 |      0.74 |      0.71 |      0.72 |   241.10% |  90897.36 |
tetra_9      |    262145 |    345009 |    345009 |    345009 |      9460 |        36 |   10.39 |        24 |    303353 |    113.42 |   64.77 |   14.74 |   13.17 |       0 |       7 |      5.28 |      4.73 |      4.80 |    96.90% |  54636.31 |      2.53 |      2.48 |      2.51 |   234.60% | 104440.24 |
tetra_11     |   4194305 |   5496421 |   5496421 |   5496421 |     37568 |      1260 |   36.32 |        26 |    299057 |    443.36 |   78.78 |   17.25 |   15.43 |       0 |      11 |     73.26 |     71.29 |     72.34 |    99.00% |  57984.45 |     38.72 |     38.27 |     38.51 |   238.20% | 108928.84 |
tree_7       |       519 |      1176 |      1176 |      1176 |       361 |         5 |    1.28 |        23 |   1419503 |     20.70 |   26.37 |    6.37 |    3.12 |       0 |      14 |      2.39 |      1.52 |      1.80 |    76.20% |    287.85 |      0.29 |      0.26 |      0.27 |   477.70% |   1922.22 |
tree_11      |      8199 |     12478 |     12478 |     12478 |      1204 |        14 |    2.89 |        24 |   1449365 |     21.73 |   32.13 |    7.33 |    4.07 |       0 |      17 |      2.35 |      2.04 |      2.18 |    86.70% |   3767.92 |      0.43 |      0.36 |      0.37 |   478.20% |  22159.46 |
tree_14      |     65543 |     82899 |     82899 |     82899 |      2285 |        35 |    7.01 |        26 |   1462882 |     26.80 |   36.94 |    8.16 |    4.85 |       0 |      21 |      3.96 |      3.63 |      3.37 |    81.70% |  19443.19 |      0.89 |      0.87 |      0.88 |   395.10% |  74311.79 |
tree_17      |    524295 |    604785 |    604785 |    604785 |      4516 |       104 |   19.19 |        28 |   1471317 |     41.34 |   39.31 |    8.46 |    5.01 |       0 |       0 |     12.37 |     11.93 |     12.11 |    97.20% |  43290.81 |      4.80 |      4.72 |      4.75 |   301.70% | 110470.92 |
tree_21      |   8388615 |   9180734 |   9180734 |   9180734 |     13895 |       969 |   73.41 |        30 |   1478009 |    102.84 |   42.45 |    9.08 |    5.47 |       0 |       0 |    145.01 |    141.33 |    143.24 |    99.00% |  58564.17 |     69.05 |     68.09 |     68.63 |   280.50% | 122224.22 |
